==4749== Memcheck, a memory error detector
==4749== Copyright (C) 2002-2015, and GNU GPL'd, by Julian Seward et al.
==4749== Using Valgrind-3.11.0 and LibVEX; rerun with -h for copyright info
==4749== Command: /home/fleur/Documents/CausalSets/Code/a.out
==4749== Parent PID: 3329
==4749== 
--4749-- 
--4749-- Valgrind options:
--4749--    -v
--4749--    --tool=memcheck
--4749--    --leak-check=full
--4749--    --num-callers=40
--4749--    --log-file=valgrind.log
--4749-- Contents of /proc/version:
--4749--   Linux version 4.4.0-97-generic (buildd@lcy01-33) (gcc version 5.4.0 20160609 (Ubuntu 5.4.0-6ubuntu1~16.04.4) ) #120-Ubuntu SMP Tue Sep 19 17:28:18 UTC 2017
--4749-- 
--4749-- Arch and hwcaps: AMD64, LittleEndian, amd64-cx16-lzcnt-rdtscp-sse3-avx-avx2-bmi
--4749-- Page sizes: currently 4096, max supported 4096
--4749-- Valgrind library directory: /usr/lib/valgrind
--4749-- Reading syms from /home/fleur/Documents/CausalSets/Code/a.out
--4749-- Reading syms from /lib/x86_64-linux-gnu/ld-2.23.so
--4749--   Considering /lib/x86_64-linux-gnu/ld-2.23.so ..
--4749--   .. CRC mismatch (computed 9bc477cd wanted 3da2f12a)
--4749--   Considering /usr/lib/debug/lib/x86_64-linux-gnu/ld-2.23.so ..
--4749--   .. CRC is valid
--4749-- Reading syms from /usr/lib/valgrind/memcheck-amd64-linux
--4749--   Considering /usr/lib/valgrind/memcheck-amd64-linux ..
--4749--   .. CRC mismatch (computed eea41ea9 wanted 2009db78)
--4749--    object doesn't have a symbol table
--4749--    object doesn't have a dynamic symbol table
--4749-- Scheduler: using generic scheduler lock implementation.
--4749-- Reading suppressions file: /usr/lib/valgrind/default.supp
==4749== embedded gdbserver: reading from /tmp/vgdb-pipe-from-vgdb-to-4749-by-fleur-on-???
==4749== embedded gdbserver: writing to   /tmp/vgdb-pipe-to-vgdb-from-4749-by-fleur-on-???
==4749== embedded gdbserver: shared mem   /tmp/vgdb-pipe-shared-mem-vgdb-4749-by-fleur-on-???
==4749== 
==4749== TO CONTROL THIS PROCESS USING vgdb (which you probably
==4749== don't want to do, unless you know exactly what you're doing,
==4749== or are doing some strange experiment):
==4749==   /usr/lib/valgrind/../../bin/vgdb --pid=4749 ...command...
==4749== 
==4749== TO DEBUG THIS PROCESS USING GDB: start GDB like this
==4749==   /path/to/gdb /home/fleur/Documents/CausalSets/Code/a.out
==4749== and then give GDB the following command
==4749==   target remote | /usr/lib/valgrind/../../bin/vgdb --pid=4749
==4749== --pid is optional if only one valgrind process is running
==4749== 
--4749-- REDIR: 0x401cf90 (ld-linux-x86-64.so.2:strlen) redirected to 0x3809e181 (???)
--4749-- Reading syms from /usr/lib/valgrind/vgpreload_core-amd64-linux.so
--4749--   Considering /usr/lib/valgrind/vgpreload_core-amd64-linux.so ..
--4749--   .. CRC mismatch (computed 2567ccf6 wanted 49420590)
--4749--    object doesn't have a symbol table
--4749-- Reading syms from /usr/lib/valgrind/vgpreload_memcheck-amd64-linux.so
--4749--   Considering /usr/lib/valgrind/vgpreload_memcheck-amd64-linux.so ..
--4749--   .. CRC mismatch (computed 0e27c9a8 wanted ac585421)
--4749--    object doesn't have a symbol table
==4749== WARNING: new redirection conflicts with existing -- ignoring it
--4749--     old: 0x0401cf90 (strlen              ) R-> (0000.0) 0x3809e181 ???
--4749--     new: 0x0401cf90 (strlen              ) R-> (2007.0) 0x04c31020 strlen
--4749-- REDIR: 0x401b8e0 (ld-linux-x86-64.so.2:index) redirected to 0x4c30bc0 (index)
--4749-- REDIR: 0x401bb00 (ld-linux-x86-64.so.2:strcmp) redirected to 0x4c320d0 (strcmp)
--4749-- REDIR: 0x401dcf0 (ld-linux-x86-64.so.2:mempcpy) redirected to 0x4c35270 (mempcpy)
--4749-- Reading syms from /usr/lib/x86_64-linux-gnu/libstdc++.so.6.0.21
--4749--   Considering /usr/lib/x86_64-linux-gnu/libstdc++.so.6.0.21 ..
--4749--   .. CRC mismatch (computed 2f26e592 wanted a874dadb)
--4749--    object doesn't have a symbol table
--4749-- Reading syms from /lib/x86_64-linux-gnu/libm-2.23.so
--4749--   Considering /lib/x86_64-linux-gnu/libm-2.23.so ..
--4749--   .. CRC mismatch (computed 8bd88005 wanted 32b88176)
--4749--   Considering /usr/lib/debug/lib/x86_64-linux-gnu/libm-2.23.so ..
--4749--   .. CRC is valid
--4749-- Reading syms from /lib/x86_64-linux-gnu/libgcc_s.so.1
--4749--   Considering /lib/x86_64-linux-gnu/libgcc_s.so.1 ..
--4749--   .. CRC mismatch (computed b9a68419 wanted 29d51b00)
--4749--    object doesn't have a symbol table
--4749-- Reading syms from /lib/x86_64-linux-gnu/libc-2.23.so
--4749--   Considering /lib/x86_64-linux-gnu/libc-2.23.so ..
--4749--   .. CRC mismatch (computed b2979fac wanted 1affc958)
--4749--   Considering /usr/lib/debug/lib/x86_64-linux-gnu/libc-2.23.so ..
--4749--   .. CRC is valid
--4749-- REDIR: 0x576aa00 (libc.so.6:strcasecmp) redirected to 0x4a286f0 (_vgnU_ifunc_wrapper)
--4749-- REDIR: 0x5766280 (libc.so.6:strcspn) redirected to 0x4a286f0 (_vgnU_ifunc_wrapper)
--4749-- REDIR: 0x576ccf0 (libc.so.6:strncasecmp) redirected to 0x4a286f0 (_vgnU_ifunc_wrapper)
--4749-- REDIR: 0x57686f0 (libc.so.6:strpbrk) redirected to 0x4a286f0 (_vgnU_ifunc_wrapper)
--4749-- REDIR: 0x5768a80 (libc.so.6:strspn) redirected to 0x4a286f0 (_vgnU_ifunc_wrapper)
--4749-- REDIR: 0x576a14b (libc.so.6:memcpy@GLIBC_2.2.5) redirected to 0x4a286f0 (_vgnU_ifunc_wrapper)
--4749-- REDIR: 0x5768400 (libc.so.6:rindex) redirected to 0x4c308a0 (rindex)
--4749-- REDIR: 0x575f130 (libc.so.6:malloc) redirected to 0x4c2db20 (malloc)
--4749-- REDIR: 0x5766720 (libc.so.6:strlen) redirected to 0x4c30f60 (strlen)
--4749-- REDIR: 0x5769bf0 (libc.so.6:__GI_memcmp) redirected to 0x4c33b90 (__GI_memcmp)
--4749-- REDIR: 0x5764cd0 (libc.so.6:strcmp) redirected to 0x4a286f0 (_vgnU_ifunc_wrapper)
--4749-- REDIR: 0x577a570 (libc.so.6:__strcmp_sse2_unaligned) redirected to 0x4c31f90 (strcmp)
--4749-- REDIR: 0x4ec7f10 (libstdc++.so.6:operator new[](unsigned long)) redirected to 0x4c2e7a0 (operator new[](unsigned long))
--4749-- REDIR: 0x5769bb0 (libc.so.6:bcmp) redirected to 0x4a286f0 (_vgnU_ifunc_wrapper)
--4749-- REDIR: 0x58493f0 (libc.so.6:__memcmp_sse4_1) redirected to 0x4c33cd0 (__memcmp_sse4_1)
==4749== Conditional jump or move depends on uninitialised value(s)
==4749==    at 0x4F3CCAE: std::ostreambuf_iterator<char, std::char_traits<char> > std::num_put<char, std::ostreambuf_iterator<char, std::char_traits<char> > >::_M_insert_int<long>(std::ostreambuf_iterator<char, std::char_traits<char> >, std::ios_base&, char, long) const (in /usr/lib/x86_64-linux-gnu/libstdc++.so.6.0.21)
==4749==    by 0x4F3CEDC: std::num_put<char, std::ostreambuf_iterator<char, std::char_traits<char> > >::do_put(std::ostreambuf_iterator<char, std::char_traits<char> >, std::ios_base&, char, long) const (in /usr/lib/x86_64-linux-gnu/libstdc++.so.6.0.21)
==4749==    by 0x4F493F9: std::ostream& std::ostream::_M_insert<long>(long) (in /usr/lib/x86_64-linux-gnu/libstdc++.so.6.0.21)
==4749==    by 0x401110: SprinkleRec(int*, int, int, int, float, Set&, std::basic_ofstream<char, std::char_traits<char> >&) (in /home/fleur/Documents/CausalSets/Code/a.out)
==4749==    by 0x40119F: SprinkleRec(int*, int, int, int, float, Set&, std::basic_ofstream<char, std::char_traits<char> >&) (in /home/fleur/Documents/CausalSets/Code/a.out)
==4749==    by 0x4012A4: Sprinkle(Spacetime, Set&, std::basic_ofstream<char, std::char_traits<char> >&) (in /home/fleur/Documents/CausalSets/Code/a.out)
==4749==    by 0x4013E3: main (in /home/fleur/Documents/CausalSets/Code/a.out)
==4749== 
==4749== Use of uninitialised value of size 8
==4749==    at 0x4F3BB13: ??? (in /usr/lib/x86_64-linux-gnu/libstdc++.so.6.0.21)
==4749==    by 0x4F3CCD9: std::ostreambuf_iterator<char, std::char_traits<char> > std::num_put<char, std::ostreambuf_iterator<char, std::char_traits<char> > >::_M_insert_int<long>(std::ostreambuf_iterator<char, std::char_traits<char> >, std::ios_base&, char, long) const (in /usr/lib/x86_64-linux-gnu/libstdc++.so.6.0.21)
==4749==    by 0x4F3CEDC: std::num_put<char, std::ostreambuf_iterator<char, std::char_traits<char> > >::do_put(std::ostreambuf_iterator<char, std::char_traits<char> >, std::ios_base&, char, long) const (in /usr/lib/x86_64-linux-gnu/libstdc++.so.6.0.21)
==4749==    by 0x4F493F9: std::ostream& std::ostream::_M_insert<long>(long) (in /usr/lib/x86_64-linux-gnu/libstdc++.so.6.0.21)
==4749==    by 0x401110: SprinkleRec(int*, int, int, int, float, Set&, std::basic_ofstream<char, std::char_traits<char> >&) (in /home/fleur/Documents/CausalSets/Code/a.out)
==4749==    by 0x40119F: SprinkleRec(int*, int, int, int, float, Set&, std::basic_ofstream<char, std::char_traits<char> >&) (in /home/fleur/Documents/CausalSets/Code/a.out)
==4749==    by 0x4012A4: Sprinkle(Spacetime, Set&, std::basic_ofstream<char, std::char_traits<char> >&) (in /home/fleur/Documents/CausalSets/Code/a.out)
==4749==    by 0x4013E3: main (in /home/fleur/Documents/CausalSets/Code/a.out)
==4749== 
==4749== Conditional jump or move depends on uninitialised value(s)
==4749==    at 0x4F3BB1F: ??? (in /usr/lib/x86_64-linux-gnu/libstdc++.so.6.0.21)
==4749==    by 0x4F3CCD9: std::ostreambuf_iterator<char, std::char_traits<char> > std::num_put<char, std::ostreambuf_iterator<char, std::char_traits<char> > >::_M_insert_int<long>(std::ostreambuf_iterator<char, std::char_traits<char> >, std::ios_base&, char, long) const (in /usr/lib/x86_64-linux-gnu/libstdc++.so.6.0.21)
==4749==    by 0x4F3CEDC: std::num_put<char, std::ostreambuf_iterator<char, std::char_traits<char> > >::do_put(std::ostreambuf_iterator<char, std::char_traits<char> >, std::ios_base&, char, long) const (in /usr/lib/x86_64-linux-gnu/libstdc++.so.6.0.21)
==4749==    by 0x4F493F9: std::ostream& std::ostream::_M_insert<long>(long) (in /usr/lib/x86_64-linux-gnu/libstdc++.so.6.0.21)
==4749==    by 0x401110: SprinkleRec(int*, int, int, int, float, Set&, std::basic_ofstream<char, std::char_traits<char> >&) (in /home/fleur/Documents/CausalSets/Code/a.out)
==4749==    by 0x40119F: SprinkleRec(int*, int, int, int, float, Set&, std::basic_ofstream<char, std::char_traits<char> >&) (in /home/fleur/Documents/CausalSets/Code/a.out)
==4749==    by 0x4012A4: Sprinkle(Spacetime, Set&, std::basic_ofstream<char, std::char_traits<char> >&) (in /home/fleur/Documents/CausalSets/Code/a.out)
==4749==    by 0x4013E3: main (in /home/fleur/Documents/CausalSets/Code/a.out)
==4749== 
==4749== Conditional jump or move depends on uninitialised value(s)
==4749==    at 0x4F3CD0C: std::ostreambuf_iterator<char, std::char_traits<char> > std::num_put<char, std::ostreambuf_iterator<char, std::char_traits<char> > >::_M_insert_int<long>(std::ostreambuf_iterator<char, std::char_traits<char> >, std::ios_base&, char, long) const (in /usr/lib/x86_64-linux-gnu/libstdc++.so.6.0.21)
==4749==    by 0x4F3CEDC: std::num_put<char, std::ostreambuf_iterator<char, std::char_traits<char> > >::do_put(std::ostreambuf_iterator<char, std::char_traits<char> >, std::ios_base&, char, long) const (in /usr/lib/x86_64-linux-gnu/libstdc++.so.6.0.21)
==4749==    by 0x4F493F9: std::ostream& std::ostream::_M_insert<long>(long) (in /usr/lib/x86_64-linux-gnu/libstdc++.so.6.0.21)
==4749==    by 0x401110: SprinkleRec(int*, int, int, int, float, Set&, std::basic_ofstream<char, std::char_traits<char> >&) (in /home/fleur/Documents/CausalSets/Code/a.out)
==4749==    by 0x40119F: SprinkleRec(int*, int, int, int, float, Set&, std::basic_ofstream<char, std::char_traits<char> >&) (in /home/fleur/Documents/CausalSets/Code/a.out)
==4749==    by 0x4012A4: Sprinkle(Spacetime, Set&, std::basic_ofstream<char, std::char_traits<char> >&) (in /home/fleur/Documents/CausalSets/Code/a.out)
==4749==    by 0x4013E3: main (in /home/fleur/Documents/CausalSets/Code/a.out)
==4749== 
--4749-- REDIR: 0x575f4f0 (libc.so.6:free) redirected to 0x4c2ed80 (free)
==4749== 
==4749== HEAP SUMMARY:
==4749==     in use at exit: 72,740 bytes in 5 blocks
==4749==   total heap usage: 6 allocs, 1 frees, 73,764 bytes allocated
==4749== 
==4749== Searching for pointers to 5 not-freed blocks
==4749== Checked 117,240 bytes
==4749== 
==4749== LEAK SUMMARY:
==4749==    definitely lost: 0 bytes in 0 blocks
==4749==    indirectly lost: 0 bytes in 0 blocks
==4749==      possibly lost: 0 bytes in 0 blocks
==4749==    still reachable: 72,740 bytes in 5 blocks
==4749==         suppressed: 0 bytes in 0 blocks
==4749== Reachable blocks (those to which a pointer was found) are not shown.
==4749== To see them, rerun with: --leak-check=full --show-leak-kinds=all
==4749== 
==4749== Use --track-origins=yes to see where uninitialised values come from
==4749== ERROR SUMMARY: 4 errors from 4 contexts (suppressed: 0 from 0)
==4749== 
==4749== 1 errors in context 1 of 4:
==4749== Conditional jump or move depends on uninitialised value(s)
==4749==    at 0x4F3CD0C: std::ostreambuf_iterator<char, std::char_traits<char> > std::num_put<char, std::ostreambuf_iterator<char, std::char_traits<char> > >::_M_insert_int<long>(std::ostreambuf_iterator<char, std::char_traits<char> >, std::ios_base&, char, long) const (in /usr/lib/x86_64-linux-gnu/libstdc++.so.6.0.21)
==4749==    by 0x4F3CEDC: std::num_put<char, std::ostreambuf_iterator<char, std::char_traits<char> > >::do_put(std::ostreambuf_iterator<char, std::char_traits<char> >, std::ios_base&, char, long) const (in /usr/lib/x86_64-linux-gnu/libstdc++.so.6.0.21)
==4749==    by 0x4F493F9: std::ostream& std::ostream::_M_insert<long>(long) (in /usr/lib/x86_64-linux-gnu/libstdc++.so.6.0.21)
==4749==    by 0x401110: SprinkleRec(int*, int, int, int, float, Set&, std::basic_ofstream<char, std::char_traits<char> >&) (in /home/fleur/Documents/CausalSets/Code/a.out)
==4749==    by 0x40119F: SprinkleRec(int*, int, int, int, float, Set&, std::basic_ofstream<char, std::char_traits<char> >&) (in /home/fleur/Documents/CausalSets/Code/a.out)
==4749==    by 0x4012A4: Sprinkle(Spacetime, Set&, std::basic_ofstream<char, std::char_traits<char> >&) (in /home/fleur/Documents/CausalSets/Code/a.out)
==4749==    by 0x4013E3: main (in /home/fleur/Documents/CausalSets/Code/a.out)
==4749== 
==4749== 
==4749== 1 errors in context 2 of 4:
==4749== Conditional jump or move depends on uninitialised value(s)
==4749==    at 0x4F3BB1F: ??? (in /usr/lib/x86_64-linux-gnu/libstdc++.so.6.0.21)
==4749==    by 0x4F3CCD9: std::ostreambuf_iterator<char, std::char_traits<char> > std::num_put<char, std::ostreambuf_iterator<char, std::char_traits<char> > >::_M_insert_int<long>(std::ostreambuf_iterator<char, std::char_traits<char> >, std::ios_base&, char, long) const (in /usr/lib/x86_64-linux-gnu/libstdc++.so.6.0.21)
==4749==    by 0x4F3CEDC: std::num_put<char, std::ostreambuf_iterator<char, std::char_traits<char> > >::do_put(std::ostreambuf_iterator<char, std::char_traits<char> >, std::ios_base&, char, long) const (in /usr/lib/x86_64-linux-gnu/libstdc++.so.6.0.21)
==4749==    by 0x4F493F9: std::ostream& std::ostream::_M_insert<long>(long) (in /usr/lib/x86_64-linux-gnu/libstdc++.so.6.0.21)
==4749==    by 0x401110: SprinkleRec(int*, int, int, int, float, Set&, std::basic_ofstream<char, std::char_traits<char> >&) (in /home/fleur/Documents/CausalSets/Code/a.out)
==4749==    by 0x40119F: SprinkleRec(int*, int, int, int, float, Set&, std::basic_ofstream<char, std::char_traits<char> >&) (in /home/fleur/Documents/CausalSets/Code/a.out)
==4749==    by 0x4012A4: Sprinkle(Spacetime, Set&, std::basic_ofstream<char, std::char_traits<char> >&) (in /home/fleur/Documents/CausalSets/Code/a.out)
==4749==    by 0x4013E3: main (in /home/fleur/Documents/CausalSets/Code/a.out)
==4749== 
==4749== 
==4749== 1 errors in context 3 of 4:
==4749== Use of uninitialised value of size 8
==4749==    at 0x4F3BB13: ??? (in /usr/lib/x86_64-linux-gnu/libstdc++.so.6.0.21)
==4749==    by 0x4F3CCD9: std::ostreambuf_iterator<char, std::char_traits<char> > std::num_put<char, std::ostreambuf_iterator<char, std::char_traits<char> > >::_M_insert_int<long>(std::ostreambuf_iterator<char, std::char_traits<char> >, std::ios_base&, char, long) const (in /usr/lib/x86_64-linux-gnu/libstdc++.so.6.0.21)
==4749==    by 0x4F3CEDC: std::num_put<char, std::ostreambuf_iterator<char, std::char_traits<char> > >::do_put(std::ostreambuf_iterator<char, std::char_traits<char> >, std::ios_base&, char, long) const (in /usr/lib/x86_64-linux-gnu/libstdc++.so.6.0.21)
==4749==    by 0x4F493F9: std::ostream& std::ostream::_M_insert<long>(long) (in /usr/lib/x86_64-linux-gnu/libstdc++.so.6.0.21)
==4749==    by 0x401110: SprinkleRec(int*, int, int, int, float, Set&, std::basic_ofstream<char, std::char_traits<char> >&) (in /home/fleur/Documents/CausalSets/Code/a.out)
==4749==    by 0x40119F: SprinkleRec(int*, int, int, int, float, Set&, std::basic_ofstream<char, std::char_traits<char> >&) (in /home/fleur/Documents/CausalSets/Code/a.out)
==4749==    by 0x4012A4: Sprinkle(Spacetime, Set&, std::basic_ofstream<char, std::char_traits<char> >&) (in /home/fleur/Documents/CausalSets/Code/a.out)
==4749==    by 0x4013E3: main (in /home/fleur/Documents/CausalSets/Code/a.out)
==4749== 
==4749== 
==4749== 1 errors in context 4 of 4:
==4749== Conditional jump or move depends on uninitialised value(s)
==4749==    at 0x4F3CCAE: std::ostreambuf_iterator<char, std::char_traits<char> > std::num_put<char, std::ostreambuf_iterator<char, std::char_traits<char> > >::_M_insert_int<long>(std::ostreambuf_iterator<char, std::char_traits<char> >, std::ios_base&, char, long) const (in /usr/lib/x86_64-linux-gnu/libstdc++.so.6.0.21)
==4749==    by 0x4F3CEDC: std::num_put<char, std::ostreambuf_iterator<char, std::char_traits<char> > >::do_put(std::ostreambuf_iterator<char, std::char_traits<char> >, std::ios_base&, char, long) const (in /usr/lib/x86_64-linux-gnu/libstdc++.so.6.0.21)
==4749==    by 0x4F493F9: std::ostream& std::ostream::_M_insert<long>(long) (in /usr/lib/x86_64-linux-gnu/libstdc++.so.6.0.21)
==4749==    by 0x401110: SprinkleRec(int*, int, int, int, float, Set&, std::basic_ofstream<char, std::char_traits<char> >&) (in /home/fleur/Documents/CausalSets/Code/a.out)
==4749==    by 0x40119F: SprinkleRec(int*, int, int, int, float, Set&, std::basic_ofstream<char, std::char_traits<char> >&) (in /home/fleur/Documents/CausalSets/Code/a.out)
==4749==    by 0x4012A4: Sprinkle(Spacetime, Set&, std::basic_ofstream<char, std::char_traits<char> >&) (in /home/fleur/Documents/CausalSets/Code/a.out)
==4749==    by 0x4013E3: main (in /home/fleur/Documents/CausalSets/Code/a.out)
==4749== 
==4749== ERROR SUMMARY: 4 errors from 4 contexts (suppressed: 0 from 0)
